@@ Log File C:\DAN_BootCamp\Homework_05-MatPltLib\05-Matplotlib\Instructions\Pyber\data\ride_data.LOG Opened at $$5c1e64d5 11:22:45 on 12/22/2018  
@ IMPORT DELIMITED TO ride_data "ride_data.fil" FROM "ride_data.csv" 0 SEPARATOR "," QUALIFIER NONE CONSECUTIVE STARTLINE 1 KEEPTITLE FIELD "city" C AT 1 DEC 0 WID 20 PIC "" AS "" FIELD "date" C AT 21 DEC 0 WID 19 PIC "" AS "" FIELD "fare" N AT 40 DEC 2 WID 5 PIC "" AS "" FIELD "ride_id" C AT 45 DEC 0 WID 13 PIC "" AS "" 
11:23:38 - 12/22/2018  
@ OPEN ride_data
11:23:38 - 12/22/2018  
4 fields activated
Opening file name ride_data.fil as supplied in the table layout.
@ DUPLICATES ON ride_id PRESORT TO SCREEN
11:24:07 - 12/22/2018  
Presorting data
0 duplicates detected

<?xml version="1.0" encoding="Windows-1252" ?>
<result version="4" aclversion="13.0.3.000">
<command>
<commandId>DUPLICATES</commandId>
<commandLine>DUPLICATES ON ride_id PRESORT TO SCREEN</commandLine>
</command>
<data>
<metaData>
<column mode="key">
<displayname>ride_id</displayname>
<fieldname>ride_id</fieldname>
</column>
</metaData>
<sequenceErrors>0</sequenceErrors>
<totalDuplicates>0</totalDuplicates>
</data>
<cmdMetaData>
<designation>Produced with ACL by: North Carolina State Auditor&apos;s Office (US)</designation>
<timeStamp>
<date>
<year>2018</year>
<month>12</month>
<day>22</day>
</date>
<time>
<hour>11</hour>
<min>24</min>
<sec>7</sec>
</time>
</timeStamp>
<primaryFile>ride_data</primaryFile>
<recordsUsed>2375</recordsUsed>
</cmdMetaData>
</result>
@ CLOSE
11:24:52 - 12/22/2018  
@ IMPORT DELIMITED TO city_data "city_data.fil" FROM "city_data.csv" 0 SEPARATOR "," QUALIFIER NONE CONSECUTIVE STARTLINE 1 KEEPTITLE FIELD "city" C AT 1 DEC 0 WID 20 PIC "" AS "" FIELD "driver_count" N AT 21 DEC 0 WID 2 PIC "" AS "" FIELD "type" C AT 23 DEC 0 WID 8 PIC "" AS "" 
11:25:25 - 12/22/2018  
@ OPEN city_data
11:25:25 - 12/22/2018  
3 fields activated
Opening file name city_data.fil as supplied in the table layout.
@ OPEN ride_data
11:25:42 - 12/22/2018  
4 fields activated
Opening file name ride_data.fil as supplied in the table layout.
@ OPEN city_data SECONDARY
11:25:46 - 12/22/2018  
Closing file: city_data.fil
3 fields activated
Opening file name city_data.fil as supplied in the table layout.
@ JOIN PKEY city FIELDS city date fare ride_id SKEY city WITH driver_count type PRIMARY TO "city_group" OPEN PRESORT SECSORT
11:26:26 - 12/22/2018  
Presorting data
Presorting data
2375 records produced
  0 PRIMARY records unmatched and written with nulls
Extraction to table C:\DAN_BootCamp\Homework_05-MatPltLib\05-Matplotlib\Instructions\Pyber\data\city_group.FIL is complete
Opening file "city_group"
@ OPEN "city_group"
11:26:26 - 12/22/2018  
6 fields activated
Opening file name city_group.FIL as supplied in the table layout.
Closing file: city_data.fil
@ SUMMARIZE ON city type TO "sum_city_citytype.FIL" OPEN PRESORT
11:28:45 - 12/22/2018  
Presorting data
120 records produced
Output to C:\DAN_BootCamp\Homework_05-MatPltLib\05-Matplotlib\Instructions\Pyber\data\sum_city_citytype.FIL is done
Opening file "sum_city_citytype"
@ OPEN "sum_city_citytype"
11:28:45 - 12/22/2018  
3 fields activated
Opening file name sum_city_citytype.FIL as supplied in the table layout.
@ DUPLICATES ON city PRESORT TO SCREEN
11:28:58 - 12/22/2018  
Presorting data
0 duplicates detected

<?xml version="1.0" encoding="Windows-1252" ?>
<result version="4" aclversion="13.0.3.000">
<command>
<commandId>DUPLICATES</commandId>
<commandLine>DUPLICATES ON city PRESORT TO SCREEN</commandLine>
</command>
<data>
<metaData>
<column mode="key">
<displayname>city</displayname>
<fieldname>city</fieldname>
</column>
</metaData>
<sequenceErrors>0</sequenceErrors>
<totalDuplicates>0</totalDuplicates>
</data>
<cmdMetaData>
<designation>Produced with ACL by: North Carolina State Auditor&apos;s Office (US)</designation>
<timeStamp>
<date>
<year>2018</year>
<month>12</month>
<day>22</day>
</date>
<time>
<hour>11</hour>
<min>28</min>
<sec>58</sec>
</time>
</timeStamp>
<primaryFile>sum_city_citytype</primaryFile>
<recordsUsed>120</recordsUsed>
</cmdMetaData>
</result>
@ OPEN city_data
11:29:22 - 12/22/2018  
3 fields activated
Opening file name city_data.fil as supplied in the table layout.
@ OPEN sum_city_citytype
11:29:49 - 12/22/2018  
3 fields activated
Opening file name sum_city_citytype.FIL as supplied in the table layout.
@ OPEN city_data
11:30:04 - 12/22/2018  
3 fields activated
Opening file name city_data.fil as supplied in the table layout.
@ SUMMARIZE ON type TO SCREEN PRESORT
11:30:12 - 12/22/2018  
Presorting data
Page ...   1                                         12/22/2018  11:30:12
Produced with ACL by: North Carolina State Auditor's Office (US)
type        COUNT

Rural          18
Suburban       36
Urban          66
              120
3 records produced

<?xml version="1.0" encoding="Windows-1252" ?>
<result version="4" aclversion="13.0.3.000">
<command>
<commandId>SUMMARIZE</commandId>
<commandLine>SUMMARIZE ON type TO SCREEN PRESORT</commandLine>
</command>
<data>
<metaData>
<column mode="key">
<displayname>type</displayname>
<fieldname>type</fieldname>
</column>
<column mode="count">
<displayname>COUNT</displayname>
<fieldname>COUNT</fieldname>
</column>
</metaData>
<row>
<value>Rural   </value>
<value type="num">18</value>
</row>
<row>
<value>Suburban</value>
<value type="num">36</value>
</row>
<row>
<value>Urban   </value>
<value type="num">66</value>
</row>
<totals>
<row>
<value blank="1"> </value>
<value type="num">120</value>
</row>
</totals>
<records>3</records>
</data>
<cmdMetaData>
<designation>Produced with ACL by: North Carolina State Auditor&apos;s Office (US)</designation>
<timeStamp>
<date>
<year>2018</year>
<month>12</month>
<day>22</day>
</date>
<time>
<hour>11</hour>
<min>30</min>
<sec>12</sec>
</time>
</timeStamp>
<primaryFile>city_data</primaryFile>
<recordsUsed>120</recordsUsed>
</cmdMetaData>
</result>
@ INDEX ON driver_count TO "ACLQSTMP8"
11:30:29 - 12/22/2018  
120 records produced
Output to C:\DAN_BootCamp\Homework_05-MatPltLib\05-Matplotlib\Instructions\Pyber\data\ACLQSTMP8.INX is done
@ OPEN city_group
11:30:38 - 12/22/2018  
6 fields activated
Opening file name city_group.FIL as supplied in the table layout.
@ OPEN city_data
11:30:40 - 12/22/2018  
3 fields activated
Opening file name city_data.fil as supplied in the table layout.
@ INDEX ON driver_count TO "ACLQSTMP10"
11:30:48 - 12/22/2018  
120 records produced
Output to C:\DAN_BootCamp\Homework_05-MatPltLib\05-Matplotlib\Instructions\Pyber\data\ACLQSTMP10.INX is done
@ OPEN city_group
11:31:09 - 12/22/2018  
6 fields activated
Opening file name city_group.FIL as supplied in the table layout.
@ INDEX ON city TO "ACLQSTMP11"
11:31:15 - 12/22/2018  
2375 records produced
Output to C:\DAN_BootCamp\Homework_05-MatPltLib\05-Matplotlib\Instructions\Pyber\data\ACLQSTMP11.INX is done
@ INDEX ON date TO "ACLQSTMP11"
11:31:21 - 12/22/2018  
2375 records produced
Output to C:\DAN_BootCamp\Homework_05-MatPltLib\05-Matplotlib\Instructions\Pyber\data\ACLQSTMP11.INX is done
@ INDEX ON fare TO "ACLQSTMP11"
11:31:28 - 12/22/2018  
2375 records produced
Output to C:\DAN_BootCamp\Homework_05-MatPltLib\05-Matplotlib\Instructions\Pyber\data\ACLQSTMP11.INX is done
@ INDEX ON ride_id TO "ACLQSTMP11"
11:31:35 - 12/22/2018  
2375 records produced
Output to C:\DAN_BootCamp\Homework_05-MatPltLib\05-Matplotlib\Instructions\Pyber\data\ACLQSTMP11.INX is done
@ INDEX ON driver_count TO "ACLQSTMP11"
11:31:41 - 12/22/2018  
2375 records produced
Output to C:\DAN_BootCamp\Homework_05-MatPltLib\05-Matplotlib\Instructions\Pyber\data\ACLQSTMP11.INX is done
@ INDEX ON type TO "ACLQSTMP11"
11:31:54 - 12/22/2018  
2375 records produced
Output to C:\DAN_BootCamp\Homework_05-MatPltLib\05-Matplotlib\Instructions\Pyber\data\ACLQSTMP11.INX is done
@ SUMMARIZE ON city SUBTOTAL fare TO "Sum_on_city_st_fair.FIL" OPEN PRESORT
11:36:56 - 12/22/2018  
Presorting data
120 records produced
Output to C:\DAN_BootCamp\Homework_05-MatPltLib\05-Matplotlib\Instructions\Pyber\data\Sum_on_city_st_fair.FIL is done
Opening file "Sum_on_city_st_fair"
Re-Indexing C:\DAN_BootCamp\Homework_05-MatPltLib\05-Matplotlib\Instructions\Pyber\data\ACLQSTMP11.INX
@ OPEN "Sum_on_city_st_fair"
11:36:56 - 12/22/2018  
3 fields activated
Opening file name Sum_on_city_st_fair.FIL as supplied in the table layout.
@ OPEN city_group
11:36:56 - 12/22/2018  
@ OPEN Sum_on_city_st_fair
11:37:25 - 12/22/2018  
@ DEFINE FIELD avg_fare       COMPUTED  fare / COUNT
11:37:25 - 12/22/2018  
@ OPEN city_group
11:39:21 - 12/22/2018  
6 fields activated
Opening file name city_group.FIL as supplied in the table layout.
@ OPEN city_data
11:41:12 - 12/22/2018  
3 fields activated
Opening file name city_data.fil as supplied in the table layout.
@@ Log File C:\DAN_BootCamp\Homework_05-MatPltLib\05-Matplotlib\Instructions\Pyber\data\ride_data.LOG Opened at $$5c1e8bc7 14:08:55 on 12/22/2018  
@ OPEN city_group
14:08:55 - 12/22/2018  
6 fields activated
Opening file name city_group.FIL as supplied in the table layout.
@ OPEN city_data
14:08:55 - 12/22/2018  
3 fields activated
Opening file name city_data.fil as supplied in the table layout.
@ OPEN city_group
14:10:26 - 12/22/2018  
@ INDEX ON fare TO "ACLQSTMP1"
14:10:26 - 12/22/2018  
2375 records produced
Output to C:\DAN_BootCamp\Homework_05-MatPltLib\05-Matplotlib\Instructions\Pyber\data\ACLQSTMP1.INX is done
@ SUMMARIZE ON type TO SCREEN PRESORT
16:24:53 - 12/22/2018  
Presorting data
Page ...   1                                         12/22/2018  16:24:53
Produced with ACL by: North Carolina State Auditor's Office (US)
type        COUNT

Rural         125
Suburban      625
Urban        1625
             2375
3 records produced

<?xml version="1.0" encoding="Windows-1252" ?>
<result version="4" aclversion="13.0.3.000">
<command>
<commandId>SUMMARIZE</commandId>
<commandLine>SUMMARIZE ON type TO SCREEN PRESORT</commandLine>
</command>
<data>
<metaData>
<column mode="key">
<displayname>type</displayname>
<fieldname>type</fieldname>
</column>
<column mode="count">
<displayname>COUNT</displayname>
<fieldname>COUNT</fieldname>
</column>
</metaData>
<row>
<value>Rural   </value>
<value type="num">125</value>
</row>
<row>
<value>Suburban</value>
<value type="num">625</value>
</row>
<row>
<value>Urban   </value>
<value type="num">1625</value>
</row>
<totals>
<row>
<value blank="1"> </value>
<value type="num">2375</value>
</row>
</totals>
<records>3</records>
</data>
<cmdMetaData>
<designation>Produced with ACL by: North Carolina State Auditor&apos;s Office (US)</designation>
<timeStamp>
<date>
<year>2018</year>
<month>12</month>
<day>22</day>
</date>
<time>
<hour>16</hour>
<min>24</min>
<sec>53</sec>
</time>
</timeStamp>
<primaryFile>city_group</primaryFile>
<recordsUsed>2375</recordsUsed>
</cmdMetaData>
</result>
Re-Indexing C:\DAN_BootCamp\Homework_05-MatPltLib\05-Matplotlib\Instructions\Pyber\data\ACLQSTMP1.INX
@ CLOSE
16:54:15 - 12/22/2018  
@ CLOSE
16:54:15 - 12/22/2018  
